NFL_RECEPTIONS_RECALIBRATION_A  [line=1.5]
========================================
calibration-fit slice: 2023 weeks >= 19, n=211  (never touches 2024 holdout)
scoring with iteration_range=(0, 89) (best_iteration=88, num_boosted_rounds=129)
fitted Platt params: a=1.0265  b=0.0175

AUC before=0.7940  after=0.7940  delta=0.00000  (should be ~0, monotonic transform)

============ 2024 HOLDOUT: raw vs recalibrated ============
  arm                AUC   logloss    Brier     ECE
  raw             0.7940    0.53275  0.17831  0.0222
  recalibrated    0.7940    0.53240  0.17819  0.0192

recalibrated reliability (pred -> actual):
   0.1-0.2  n=  166  pred=0.167  actual=0.163
   0.2-0.3  n=  307  pred=0.247  actual=0.270
   0.3-0.4  n=  369  pred=0.353  actual=0.336
   0.4-0.5  n=  378  pred=0.449  actual=0.405
   0.5-0.6  n=  395  pred=0.549  actual=0.613
   0.6-0.7  n=  432  pred=0.651  actual=0.653
   0.7-0.8  n=  396  pred=0.752  actual=0.768
   0.8-0.9  n=  609  pred=0.857  actual=0.862
   0.9-1.0  n=  421  pred=0.931  actual=0.931

============ PRE-REGISTERED GATE (on recalibrated probabilities) ============
  AUC >= 0.58:            0.7940  -> True
  ECE <= 0.02:              0.0192  -> True
  logloss gain >= 0.01:  +0.13462  -> True
  Brier better than constant:  0.17819 < 0.23705  -> True
  VERDICT: NFL_RECEPTIONS_LINE_1.5_RECALIBRATED_PASSES_GATE

calibration params written: /data/nfl_model/nfl_receptions_champion_gate_a_work/line_1.5/nfl_receptions_over_1_5_calibration.json
Next: re-run stability confirmation using these recalibrated probabilities before wiring live.

report: /data/nfl_model/nfl_receptions_recalibration_a_line_1.5_report.json
Read-only on the model + baseline (writes only calibration.json on a pass). No production change.
