NFL_RECEPTIONS_STABILITY_CONFIRMATION_A  [line=1.5]
============================================
2024 holdout rows: 3473
scoring with iteration_range=(0, 89) (best_iteration=88, num_boosted_rounds=129)
applying recalibration (a=1.0265, b=0.0175) from nfl_receptions_over_1_5_calibration.json -- confirming stability of the RECALIBRATED probabilities that would ship

POINT: AUC=0.7940  n=3473

DATE-BLOCK BOOTSTRAP (B=2000, resampling weeks)
  AUC mean=0.7940  95%CI=[0.7799,0.8069]

WEEKLY (AUC per week, min 100 rows)
  week  4: n= 165  AUC=0.7259  ok
  week  5: n= 169  AUC=0.7651  ok
  week  6: n= 193  AUC=0.7548  ok
  week  7: n= 204  AUC=0.7515  ok
  week  8: n= 234  AUC=0.7854  ok
  week  9: n= 222  AUC=0.7827  ok
  week 10: n= 210  AUC=0.7954  ok
  week 11: n= 226  AUC=0.7898  ok
  week 12: n= 210  AUC=0.8371  ok
  week 13: n= 244  AUC=0.8204  ok
  week 14: n= 192  AUC=0.8003  ok
  week 15: n= 253  AUC=0.7941  ok
  week 16: n= 250  AUC=0.8379  ok
  week 17: n= 248  AUC=0.7966  ok
  week 18: n= 240  AUC=0.8120  ok
  week 19: n= 100  AUC=0.8401  ok
  week 20: n=61 (skip)
  week 21: n=35 (skip)
  week 22: n=17 (skip)

SLICES (min 300 rows)
  RB       n=1040  AUC=0.7608  ECE=0.0359  ok
  TE       n= 810  AUC=0.7900  ECE=0.0425  FAIL
  WR       n=1623  AUC=0.7856  ECE=0.0141  ok
  away     n=1735  AUC=0.7942  ECE=0.0231  ok
  home     n=1738  AUC=0.7938  ECE=0.0236  ok

================ VERDICT ================
  bootstrap AUC CI lower >= 0.65: 0.7799 -> True
  weeks AUC>=0.65 >= 80%:          16/16 -> True
  all slices pass:                 4/5 -> False
  VERDICT: NFL_RECEPTIONS_LINE_1.5_NOT_YET_STABLE

report: /data/nfl_model/nfl_receptions_stability_confirmation_a_line_1.5_report.json
Read-only. No production change.
