NFL_RECEPTIONS_STABILITY_CONFIRMATION_A  [line=2.5]
============================================
2024 holdout rows: 3473

POINT: AUC=0.8007  n=3473

DATE-BLOCK BOOTSTRAP (B=2000, resampling weeks)
  AUC mean=0.8007  95%CI=[0.7831,0.8181]

WEEKLY (AUC per week, min 100 rows)
  week  4: n= 165  AUC=0.7442  ok
  week  5: n= 169  AUC=0.7765  ok
  week  6: n= 193  AUC=0.7723  ok
  week  7: n= 204  AUC=0.7494  ok
  week  8: n= 234  AUC=0.7882  ok
  week  9: n= 222  AUC=0.7744  ok
  week 10: n= 210  AUC=0.8147  ok
  week 11: n= 226  AUC=0.7903  ok
  week 12: n= 210  AUC=0.8495  ok
  week 13: n= 244  AUC=0.8669  ok
  week 14: n= 192  AUC=0.8238  ok
  week 15: n= 253  AUC=0.7839  ok
  week 16: n= 250  AUC=0.8489  ok
  week 17: n= 248  AUC=0.8324  ok
  week 18: n= 240  AUC=0.7813  ok
  week 19: n= 100  AUC=0.8200  ok
  week 20: n=61 (skip)
  week 21: n=35 (skip)
  week 22: n=17 (skip)

SLICES (min 300 rows)
  RB       n=1040  AUC=0.7621  ECE=0.0379  ok
  TE       n= 810  AUC=0.7805  ECE=0.0524  FAIL
  WR       n=1623  AUC=0.7966  ECE=0.0358  ok
  away     n=1735  AUC=0.8024  ECE=0.0299  ok
  home     n=1738  AUC=0.8005  ECE=0.0397  ok

================ VERDICT ================
  bootstrap AUC CI lower >= 0.65: 0.7831 -> True
  weeks AUC>=0.65 >= 80%:          16/16 -> True
  all slices pass:                 4/5 -> False
  VERDICT: NFL_RECEPTIONS_LINE_2.5_NOT_YET_STABLE

report: /data/nfl_model/nfl_receptions_stability_confirmation_a_line_2.5_report.json
Read-only. No production change.
